  RTSMockup.cpp
c:\documents and settings\takumi\my documents\github\rtsmockup\rtsmockup.cpp(51): warning C4018: '>' : signed/unsigned mismatch
c:\documents and settings\takumi\my documents\github\rtsmockup\rtsmockup.cpp(58): warning C4018: '>' : signed/unsigned mismatch
c:\documents and settings\takumi\my documents\github\rtsmockup\rtsmockup.cpp(68): warning C4244: 'argument' : conversion from 'int' to 'float', possible loss of data
c:\documents and settings\takumi\my documents\github\rtsmockup\rtsmockup.cpp(68): warning C4244: 'argument' : conversion from 'int' to 'float', possible loss of data
c:\documents and settings\takumi\my documents\github\rtsmockup\rtsmockup.cpp(69): warning C4244: 'argument' : conversion from 'int' to 'float', possible loss of data
c:\documents and settings\takumi\my documents\github\rtsmockup\rtsmockup.cpp(69): warning C4244: 'argument' : conversion from 'int' to 'float', possible loss of data
c:\documents and settings\takumi\my documents\github\rtsmockup\rtsmockup.cpp(71): warning C4244: 'argument' : conversion from 'int' to 'float', possible loss of data
c:\documents and settings\takumi\my documents\github\rtsmockup\rtsmockup.cpp(71): warning C4244: 'argument' : conversion from 'int' to 'float', possible loss of data
c:\documents and settings\takumi\my documents\github\rtsmockup\rtsmockup.cpp(76): warning C4244: 'argument' : conversion from 'int' to 'float', possible loss of data
c:\documents and settings\takumi\my documents\github\rtsmockup\rtsmockup.cpp(76): warning C4244: 'argument' : conversion from 'int' to 'float', possible loss of data
c:\documents and settings\takumi\my documents\github\rtsmockup\rtsmockup.cpp(78): warning C4244: 'argument' : conversion from 'int' to 'float', possible loss of data
c:\documents and settings\takumi\my documents\github\rtsmockup\rtsmockup.cpp(78): warning C4244: 'argument' : conversion from 'int' to 'float', possible loss of data
c:\documents and settings\takumi\my documents\github\rtsmockup\rtsmockup.cpp(79): warning C4244: 'argument' : conversion from 'int' to 'float', possible loss of data
c:\documents and settings\takumi\my documents\github\rtsmockup\rtsmockup.cpp(79): warning C4244: 'argument' : conversion from 'int' to 'float', possible loss of data
c:\documents and settings\takumi\my documents\github\rtsmockup\rtsmockup.cpp(121): warning C4244: 'initializing' : conversion from 'unsigned int' to 'float', possible loss of data
c:\documents and settings\takumi\my documents\github\rtsmockup\rtsmockup.cpp(123): warning C4244: 'initializing' : conversion from 'unsigned int' to 'float', possible loss of data
c:\documents and settings\takumi\my documents\github\rtsmockup\rtsmockup.cpp(227): warning C4018: '<=' : signed/unsigned mismatch
c:\documents and settings\takumi\my documents\github\rtsmockup\rtsmockup.cpp(228): warning C4018: '<=' : signed/unsigned mismatch
c:\documents and settings\takumi\my documents\github\rtsmockup\rtsmockup.cpp(246): warning C4244: 'argument' : conversion from 'const unsigned int' to 'float', possible loss of data
c:\documents and settings\takumi\my documents\github\rtsmockup\rtsmockup.cpp(246): warning C4244: 'argument' : conversion from 'const unsigned int' to 'float', possible loss of data
c:\documents and settings\takumi\my documents\github\rtsmockup\rtsmockup.cpp(247): warning C4244: 'argument' : conversion from 'const unsigned int' to 'float', possible loss of data
c:\documents and settings\takumi\my documents\github\rtsmockup\rtsmockup.cpp(247): warning C4244: 'argument' : conversion from 'const unsigned int' to 'float', possible loss of data
c:\documents and settings\takumi\my documents\github\rtsmockup\rtsmockup.cpp(248): warning C4244: 'argument' : conversion from 'const unsigned int' to 'float', possible loss of data
c:\documents and settings\takumi\my documents\github\rtsmockup\rtsmockup.cpp(248): warning C4244: 'argument' : conversion from 'const unsigned int' to 'float', possible loss of data
c:\documents and settings\takumi\my documents\github\rtsmockup\rtsmockup.cpp(249): warning C4244: 'argument' : conversion from 'const unsigned int' to 'float', possible loss of data
c:\documents and settings\takumi\my documents\github\rtsmockup\rtsmockup.cpp(249): warning C4244: 'argument' : conversion from 'const unsigned int' to 'float', possible loss of data
c:\documents and settings\takumi\my documents\github\rtsmockup\rtsmockup.cpp(257): warning C4244: 'argument' : conversion from 'double' to 'float', possible loss of data
c:\documents and settings\takumi\my documents\github\rtsmockup\rtsmockup.cpp(258): warning C4244: 'argument' : conversion from 'int' to 'float', possible loss of data
c:\documents and settings\takumi\my documents\github\rtsmockup\rtsmockup.cpp(259): warning C4244: 'argument' : conversion from 'int' to 'float', possible loss of data
c:\documents and settings\takumi\my documents\github\rtsmockup\rtsmockup.cpp(260): warning C4244: 'argument' : conversion from 'double' to 'float', possible loss of data
c:\documents and settings\takumi\my documents\github\rtsmockup\rtsmockup.cpp(334): warning C4244: 'argument' : conversion from 'const float' to 'int', possible loss of data
c:\documents and settings\takumi\my documents\github\rtsmockup\rtsmockup.cpp(334): warning C4244: 'argument' : conversion from 'const float' to 'int', possible loss of data
c:\documents and settings\takumi\my documents\github\rtsmockup\rtsmockup.cpp(343): warning C4244: 'argument' : conversion from 'double' to 'float', possible loss of data
c:\documents and settings\takumi\my documents\github\rtsmockup\rtsmockup.cpp(343): warning C4244: 'argument' : conversion from 'double' to 'float', possible loss of data
c:\documents and settings\takumi\my documents\github\rtsmockup\rtsmockup.cpp(347): warning C4244: 'argument' : conversion from 'double' to 'float', possible loss of data
c:\documents and settings\takumi\my documents\github\rtsmockup\rtsmockup.cpp(347): warning C4244: 'argument' : conversion from 'double' to 'float', possible loss of data
c:\documents and settings\takumi\my documents\github\rtsmockup\rtsmockup.cpp(401): warning C4244: 'argument' : conversion from 'time_t' to 'unsigned int', possible loss of data
c:\documents and settings\takumi\my documents\github\rtsmockup\rtsmockup.cpp(404): warning C4800: 'int' : forcing value to bool 'true' or 'false' (performance warning)
c:\documents and settings\takumi\my documents\github\rtsmockup\rtsmockup.cpp(440): warning C4244: 'argument' : conversion from 'unsigned int' to 'float', possible loss of data
c:\documents and settings\takumi\my documents\github\rtsmockup\rtsmockup.cpp(440): warning C4244: 'argument' : conversion from 'unsigned int' to 'float', possible loss of data
c:\documents and settings\takumi\my documents\github\rtsmockup\rtsmockup.cpp(457): warning C4018: '<' : signed/unsigned mismatch
c:\documents and settings\takumi\my documents\github\rtsmockup\rtsmockup.cpp(458): warning C4018: '<' : signed/unsigned mismatch
c:\documents and settings\takumi\my documents\github\rtsmockup\rtsmockup.cpp(201): warning C4715: 'commandString' : not all control paths return a value
  RTSMockup.vcxproj -> C:\Documents and Settings\Takumi\My Documents\GitHub\RTSMockup\Debug\RTSMockup.exe
